<?xml version="1.0" encoding="UTF-8"?>
<!-- Generated by org.testng.reporters.JUnitXMLReporter -->
<testsuite ignored="0" hostname="LAPTOP-41DVHJA9" failures="0" tests="3" name="Test" time="2.015" errors="0" timestamp="2021-09-24T11:30:28 IST">
  <testcase classname="Day_008_Emailable_Report.TestExample2_Browser" name="@BeforeTest Test1" time="-1.632463228414E9">
    <failure type="org.testng.TestNGException" message="
Parameter &amp;apos;Browser1&amp;apos; is required by BeforeTest on method Test1 but has not been marked @Optional or defined
in D:\Sept20_2021\OrangeHRM12\src\test\java\Day_008_Emailable_Report\testng.xml">
      <![CDATA[org.testng.TestNGException: 
Parameter 'Browser1' is required by BeforeTest on method Test1 but has not been marked @Optional or defined
in D:\Sept20_2021\OrangeHRM12\src\test\java\Day_008_Emailable_Report\testng.xml
... Removed 21 stack frames]]>
    </failure>
  </testcase> <!-- @BeforeTest Test1 -->
  <testcase classname="Day_008_Emailable_Report.TestExample1" name="@AfterTest Test3" time="-1.632463228493E9">
    <skipped/>
  </testcase> <!-- @AfterTest Test3 -->
  <testcase classname="Day_008_Emailable_Report.TestExample2_Browser" name="@AfterTest Test3" time="-1.632463228496E9">
    <skipped/>
  </testcase> <!-- @AfterTest Test3 -->
  <testcase classname="Day_008_Emailable_Report.TestExample2_Browser" name="Test2" time="0.0">
    <skipped/>
  </testcase> <!-- Test2 -->
  <testcase classname="Day_008_Emailable_Report.TestExample" name="Test1" time="0.0">
    <skipped/>
  </testcase> <!-- Test1 -->
  <testcase classname="Day_008_Emailable_Report.TestExample1" name="Test2" time="0.0">
    <skipped/>
  </testcase> <!-- Test2 -->
</testsuite> <!-- Test -->
